<?xml version="1.0" encoding="UTF-8"?>
<testng-results ignored="0" total="1" passed="1" failed="0" skipped="0">
  <reporter-output>
  </reporter-output>
  <suite started-at="2024-08-03T15:51:23 IST" name="Default suite" finished-at="2024-08-03T15:51:34 IST" duration-ms="11192">
    <groups>
    </groups>
    <test started-at="2024-08-03T15:51:23 IST" name="Default test" finished-at="2024-08-03T15:51:34 IST" duration-ms="11192">
      <class name="testcase.LoginClass">
        <test-method is-config="true" signature="setup()[pri:0, instance:testcase.LoginClass@15ff3e9e]" started-at="2024-08-03T15:51:23 IST" name="setup" finished-at="2024-08-03T15:51:25 IST" duration-ms="2196" status="PASS">
          <reporter-output>
          </reporter-output>
        </test-method> <!-- setup -->
        <test-method signature="LoginTest()[pri:0, instance:testcase.LoginClass@15ff3e9e]" started-at="2024-08-03T15:51:25 IST" name="LoginTest" finished-at="2024-08-03T15:51:34 IST" duration-ms="8840" status="PASS">
          <reporter-output>
          </reporter-output>
        </test-method> <!-- LoginTest -->
        <test-method is-config="true" signature="closeBowser()[pri:0, instance:testcase.LoginClass@15ff3e9e]" started-at="2024-08-03T15:51:34 IST" name="closeBowser" finished-at="2024-08-03T15:51:34 IST" duration-ms="130" status="PASS">
          <reporter-output>
          </reporter-output>
        </test-method> <!-- closeBowser -->
      </class> <!-- testcase.LoginClass -->
    </test> <!-- Default test -->
  </suite> <!-- Default suite -->
</testng-results>
